<?xml version="1.0" encoding="UTF-8"?>
<testng-results skipped="0" failed="0" ignored="0" total="1" passed="1">
  <reporter-output>
  </reporter-output>
  <suite name="Default suite" duration-ms="17936" started-at="2024-03-23T16:24:15 IST" finished-at="2024-03-23T16:24:32 IST">
    <groups>
    </groups>
    <test name="Default test" duration-ms="17936" started-at="2024-03-23T16:24:15 IST" finished-at="2024-03-23T16:24:32 IST">
      <class name="runner.TC_001_Login">
        <test-method status="PASS" signature="startReport()[pri:0, instance:runner.TC_001_Login@149494d8]" name="startReport" is-config="true" duration-ms="876" started-at="2024-03-23T16:24:14 IST" finished-at="2024-03-23T16:24:15 IST">
          <reporter-output>
          </reporter-output>
        </test-method> <!-- startReport -->
        <test-method status="PASS" signature="setData()[pri:0, instance:runner.TC_001_Login@149494d8]" name="setData" is-config="true" duration-ms="1" started-at="2024-03-23T16:24:15 IST" finished-at="2024-03-23T16:24:15 IST">
          <reporter-output>
          </reporter-output>
        </test-method> <!-- setData -->
        <test-method status="PASS" signature="setDetails()[pri:0, instance:runner.TC_001_Login@149494d8]" name="setDetails" is-config="true" duration-ms="15" started-at="2024-03-23T16:24:15 IST" finished-at="2024-03-23T16:24:15 IST">
          <reporter-output>
          </reporter-output>
        </test-method> <!-- setDetails -->
        <test-method status="PASS" signature="preCondition()[pri:0, instance:runner.TC_001_Login@149494d8]" name="preCondition" is-config="true" duration-ms="15719" started-at="2024-03-23T16:24:15 IST" finished-at="2024-03-23T16:24:30 IST">
          <reporter-output>
          </reporter-output>
        </test-method> <!-- preCondition -->
        <test-method status="PASS" signature="login()[pri:0, instance:runner.TC_001_Login@149494d8]" name="login" duration-ms="1344" started-at="2024-03-23T16:24:30 IST" finished-at="2024-03-23T16:24:32 IST">
          <reporter-output>
          </reporter-output>
        </test-method> <!-- login -->
        <test-method status="PASS" signature="postCondition()[pri:0, instance:runner.TC_001_Login@149494d8]" name="postCondition" is-config="true" duration-ms="733" started-at="2024-03-23T16:24:32 IST" finished-at="2024-03-23T16:24:32 IST">
          <reporter-output>
          </reporter-output>
        </test-method> <!-- postCondition -->
        <test-method status="PASS" signature="endReport()[pri:0, instance:runner.TC_001_Login@149494d8]" name="endReport" is-config="true" duration-ms="936" started-at="2024-03-23T16:24:33 IST" finished-at="2024-03-23T16:24:34 IST">
          <reporter-output>
          </reporter-output>
        </test-method> <!-- endReport -->
      </class> <!-- runner.TC_001_Login -->
    </test> <!-- Default test -->
  </suite> <!-- Default suite -->
</testng-results>
