<?xml version="1.0" encoding="UTF-8"?>
<testng-results skipped="0" failed="0" ignored="0" total="2" passed="2">
  <reporter-output>
  </reporter-output>
  <suite name="Default suite" duration-ms="31092" started-at="2024-03-24T15:08:39 IST" finished-at="2024-03-24T15:09:10 IST">
    <groups>
    </groups>
    <test name="Default test" duration-ms="31092" started-at="2024-03-24T15:08:39 IST" finished-at="2024-03-24T15:09:10 IST">
      <class name="testcases.TC_001_LoginTC">
        <test-method status="PASS" signature="startReport()[pri:0, instance:testcases.TC_001_LoginTC@6fb0d3ed]" name="startReport" is-config="true" duration-ms="327" started-at="2024-03-24T15:08:38 IST" finished-at="2024-03-24T15:08:39 IST">
          <reporter-output>
          </reporter-output>
        </test-method> <!-- startReport -->
        <test-method status="PASS" signature="setData()[pri:0, instance:testcases.TC_001_LoginTC@6fb0d3ed]" name="setData" is-config="true" duration-ms="1" started-at="2024-03-24T15:08:39 IST" finished-at="2024-03-24T15:08:39 IST">
          <reporter-output>
          </reporter-output>
        </test-method> <!-- setData -->
        <test-method status="PASS" signature="setDetails()[pri:0, instance:testcases.TC_001_LoginTC@6fb0d3ed]" name="setDetails" is-config="true" duration-ms="15" started-at="2024-03-24T15:08:39 IST" finished-at="2024-03-24T15:08:39 IST">
          <reporter-output>
          </reporter-output>
        </test-method> <!-- setDetails -->
        <test-method status="PASS" signature="preCondition()[pri:0, instance:testcases.TC_001_LoginTC@6fb0d3ed]" name="preCondition" is-config="true" duration-ms="12125" started-at="2024-03-24T15:08:41 IST" finished-at="2024-03-24T15:08:53 IST">
          <reporter-output>
          </reporter-output>
        </test-method> <!-- preCondition -->
        <test-method status="PASS" signature="runLogin(java.lang.String,java.lang.String)[pri:0, instance:testcases.TC_001_LoginTC@6fb0d3ed]" name="runLogin" duration-ms="2709" started-at="2024-03-24T15:08:53 IST" data-provider="sendData" finished-at="2024-03-24T15:08:56 IST">
          <params>
            <param index="0">
              <value>
                <![CDATA[demosalesmanager]]>
              </value>
            </param>
            <param index="1">
              <value>
                <![CDATA[crmsfa]]>
              </value>
            </param>
          </params>
          <reporter-output>
          </reporter-output>
        </test-method> <!-- runLogin -->
        <test-method status="PASS" signature="postCondition()[pri:0, instance:testcases.TC_001_LoginTC@6fb0d3ed]" name="postCondition" is-config="true" duration-ms="968" started-at="2024-03-24T15:08:56 IST" finished-at="2024-03-24T15:08:57 IST">
          <reporter-output>
          </reporter-output>
        </test-method> <!-- postCondition -->
        <test-method status="PASS" signature="preCondition()[pri:0, instance:testcases.TC_001_LoginTC@6fb0d3ed]" name="preCondition" is-config="true" duration-ms="10643" started-at="2024-03-24T15:08:57 IST" finished-at="2024-03-24T15:09:07 IST">
          <reporter-output>
          </reporter-output>
        </test-method> <!-- preCondition -->
        <test-method status="PASS" signature="runLogin(java.lang.String,java.lang.String)[pri:0, instance:testcases.TC_001_LoginTC@6fb0d3ed]" name="runLogin" duration-ms="1724" started-at="2024-03-24T15:09:07 IST" data-provider="sendData" finished-at="2024-03-24T15:09:09 IST">
          <params>
            <param index="0">
              <value>
                <![CDATA[democsr]]>
              </value>
            </param>
            <param index="1">
              <value>
                <![CDATA[crmsfa]]>
              </value>
            </param>
          </params>
          <reporter-output>
          </reporter-output>
        </test-method> <!-- runLogin -->
        <test-method status="PASS" signature="postCondition()[pri:0, instance:testcases.TC_001_LoginTC@6fb0d3ed]" name="postCondition" is-config="true" duration-ms="725" started-at="2024-03-24T15:09:09 IST" finished-at="2024-03-24T15:09:10 IST">
          <reporter-output>
          </reporter-output>
        </test-method> <!-- postCondition -->
        <test-method status="PASS" signature="endReport()[pri:0, instance:testcases.TC_001_LoginTC@6fb0d3ed]" name="endReport" is-config="true" duration-ms="605" started-at="2024-03-24T15:09:10 IST" finished-at="2024-03-24T15:09:10 IST">
          <reporter-output>
          </reporter-output>
        </test-method> <!-- endReport -->
      </class> <!-- testcases.TC_001_LoginTC -->
    </test> <!-- Default test -->
  </suite> <!-- Default suite -->
</testng-results>
