<?xml version="1.0" encoding="UTF-8"?>
<!-- Generated by org.testng.reporters.JUnitXMLReporter -->
<testsuite hostname="TL1086" ignored="2" name="Test" tests="2" failures="0" timestamp="2024-03-23T18:47:40 IST" time="26.957" errors="0">
  <testcase name="runLogin" time="5.57" classname="testcases.TC_001_LoginTC"/>
  <testcase name="runCreateLead" time="11.591" classname="testcases.TC_002_CreateLeadTC"/>
  <testcase name="@AfterSuite endReport" time="0.0" classname="base.BaseClass">
    <ignored/>
  </testcase> <!-- @AfterSuite endReport -->
  <testcase name="@BeforeSuite startReport" time="0.0" classname="base.BaseClass">
    <ignored/>
  </testcase> <!-- @BeforeSuite startReport -->
</testsuite> <!-- Test -->
